[     510ms] [INFO] %cDownload the React DevTools for a better development experience: https://react.dev/link/react-devtools font-weight:bold @ http://localhost:1420/node_modules/.vite/deps/client-BD5CN0E0.js?v=0d7cabeb:14335
[     654ms] [ERROR] Failed to detect terminal app: TypeError: Cannot read properties of undefined (reading 'invoke')
    at invoke (http://localhost:1420/node_modules/.vite/deps/core-CM18SxXo.js?v=0d7cabeb:204:36)
    at invokeCommand (http://localhost:1420/src/lib/tauri.ts?t=1783357384976:63:10)
    at detectTerminal (http://localhost:1420/src/lib/tauri.ts?t=1783357384976:158:9)
    at http://localhost:1420/src/stores/settings.ts?t=1783357384976:110:2 @ http://localhost:1420/@vite/client:524
[     712ms] [WARNING] failed to load provider snapshots: TypeError: Cannot read properties of undefined (reading 'invoke')
    at invoke (http://localhost:1420/node_modules/.vite/deps/core-CM18SxXo.js?v=0d7cabeb:204:36)
    at invokeCommand (http://localhost:1420/src/lib/tauri.ts?t=1783357384976:63:10)
    at getProviderSnapshots (http://localhost:1420/src/lib/tauri.ts?t=1783357384976:161:9)
    at loadProviderSnapshots (http://localhost:1420/src/stores/providerSnapshots.ts?t=1783357384976:101:16)
    at http://localhost:1420/src/app/index.tsx?t=1783358840756:160:8
    at Object.react_stack_bottom_frame (http://localhost:1420/node_modules/.vite/deps/client-BD5CN0E0.js?v=0d7cabeb:12902:13)
    at runWithFiberInDEV (http://localhost:1420/node_modules/.vite/deps/client-BD5CN0E0.js?v=0d7cabeb:851:66)
    at commitHookEffectListMount (http://localhost:1420/node_modules/.vite/deps/client-BD5CN0E0.js?v=0d7cabeb:6617:153)
    at commitHookPassiveMountEffects (http://localhost:1420/node_modules/.vite/deps/client-BD5CN0E0.js?v=0d7cabeb:6652:55)
    at commitPassiveMountOnFiber (http://localhost:1420/node_modules/.vite/deps/client-BD5CN0E0.js?v=0d7cabeb:7618:22) @ http://localhost:1420/@vite/client:524
[     712ms] [WARNING] Cold start tree refresh failed before reindex: TypeError: Cannot read properties of undefined (reading 'invoke')
    at invoke (http://localhost:1420/node_modules/.vite/deps/core-CM18SxXo.js?v=0d7cabeb:204:36)
    at invokeCommand (http://localhost:1420/src/lib/tauri.ts?t=1783357384976:63:10)
    at getTree (http://localhost:1420/src/lib/tauri.ts?t=1783357384976:80:9)
    at refreshTree (http://localhost:1420/src/app/SyncManager.ts?t=1783357384976:12:48)
    at Object.coldStart (http://localhost:1420/src/app/SyncManager.ts?t=1783357384976:179:10)
    at http://localhost:1420/src/app/index.tsx?t=1783358840756:161:13
    at Object.react_stack_bottom_frame (http://localhost:1420/node_modules/.vite/deps/client-BD5CN0E0.js?v=0d7cabeb:12902:13)
    at runWithFiberInDEV (http://localhost:1420/node_modules/.vite/deps/client-BD5CN0E0.js?v=0d7cabeb:851:66)
    at commitHookEffectListMount (http://localhost:1420/node_modules/.vite/deps/client-BD5CN0E0.js?v=0d7cabeb:6617:153)
    at commitHookPassiveMountEffects (http://localhost:1420/node_modules/.vite/deps/client-BD5CN0E0.js?v=0d7cabeb:6652:55) @ http://localhost:1420/@vite/client:524
[     712ms] [WARNING] Cold start tree refresh failed before reindex: TypeError: Cannot read properties of undefined (reading 'invoke')
    at invoke (http://localhost:1420/node_modules/.vite/deps/core-CM18SxXo.js?v=0d7cabeb:204:36)
    at invokeCommand (http://localhost:1420/src/lib/tauri.ts?t=1783357384976:63:10)
    at getTree (http://localhost:1420/src/lib/tauri.ts?t=1783357384976:80:9)
    at refreshTree (http://localhost:1420/src/app/SyncManager.ts?t=1783357384976:12:48)
    at Object.coldStart (http://localhost:1420/src/app/SyncManager.ts?t=1783357384976:179:10)
    at http://localhost:1420/src/app/index.tsx?t=1783358840756:161:13
    at Object.react_stack_bottom_frame (http://localhost:1420/node_modules/.vite/deps/client-BD5CN0E0.js?v=0d7cabeb:12902:13)
    at runWithFiberInDEV (http://localhost:1420/node_modules/.vite/deps/client-BD5CN0E0.js?v=0d7cabeb:851:66)
    at commitHookEffectListMount (http://localhost:1420/node_modules/.vite/deps/client-BD5CN0E0.js?v=0d7cabeb:6617:153)
    at commitHookPassiveMountEffects (http://localhost:1420/node_modules/.vite/deps/client-BD5CN0E0.js?v=0d7cabeb:6652:55) @ http://localhost:1420/@vite/client:524
[     712ms] [WARNING] failed to load provider snapshots: TypeError: Cannot read properties of undefined (reading 'invoke')
    at invoke (http://localhost:1420/node_modules/.vite/deps/core-CM18SxXo.js?v=0d7cabeb:204:36)
    at invokeCommand (http://localhost:1420/src/lib/tauri.ts?t=1783357384976:63:10)
    at getProviderSnapshots (http://localhost:1420/src/lib/tauri.ts?t=1783357384976:161:9)
    at loadProviderSnapshots (http://localhost:1420/src/stores/providerSnapshots.ts?t=1783357384976:101:16)
    at loadProviderWatchSnapshots (http://localhost:1420/src/lib/provider-watch.ts?t=1783357384976:22:9)
    at startPolling (http://localhost:1420/src/app/SyncManager.ts?t=1783357384976:127:23)
    at Object.coldStart (http://localhost:1420/src/app/SyncManager.ts?t=1783357384976:196:3) @ http://localhost:1420/@vite/client:524
[     751ms] TypeError: Cannot read properties of undefined (reading 'transformCallback')
    at transformCallback (http://localhost:1420/node_modules/.vite/deps/core-CM18SxXo.js?v=0d7cabeb:90:36)
    at listen (http://localhost:1420/node_modules/.vite/deps/@tauri-apps_api_event.js?v=0d7cabeb:76:12)
    at listenBackendEvent (http://localhost:1420/src/lib/backend-events.ts?t=1783352599448:3:9)
    at setup (http://localhost:1420/src/app/index.tsx?t=1783358840756:198:21)
    at http://localhost:1420/src/app/index.tsx?t=1783358840756:237:8
    at Object.react_stack_bottom_frame (http://localhost:1420/node_modules/.vite/deps/client-BD5CN0E0.js?v=0d7cabeb:12902:13)
    at runWithFiberInDEV (http://localhost:1420/node_modules/.vite/deps/client-BD5CN0E0.js?v=0d7cabeb:851:66)
    at commitHookEffectListMount (http://localhost:1420/node_modules/.vite/deps/client-BD5CN0E0.js?v=0d7cabeb:6617:153)
    at commitHookPassiveMountEffects (http://localhost:1420/node_modules/.vite/deps/client-BD5CN0E0.js?v=0d7cabeb:6652:55)
    at commitPassiveMountOnFiber (http://localhost:1420/node_modules/.vite/deps/client-BD5CN0E0.js?v=0d7cabeb:7618:22)
[     751ms] TypeError: Cannot read properties of undefined (reading 'transformCallback')
    at transformCallback (http://localhost:1420/node_modules/.vite/deps/core-CM18SxXo.js?v=0d7cabeb:90:36)
    at listen (http://localhost:1420/node_modules/.vite/deps/@tauri-apps_api_event.js?v=0d7cabeb:76:12)
    at listenBackendEvent (http://localhost:1420/src/lib/backend-events.ts?t=1783352599448:3:9)
    at setup (http://localhost:1420/src/app/index.tsx?t=1783358840756:198:21)
    at http://localhost:1420/src/app/index.tsx?t=1783358840756:237:8
    at Object.react_stack_bottom_frame (http://localhost:1420/node_modules/.vite/deps/client-BD5CN0E0.js?v=0d7cabeb:12902:13)
    at runWithFiberInDEV (http://localhost:1420/node_modules/.vite/deps/client-BD5CN0E0.js?v=0d7cabeb:851:66)
    at commitHookEffectListMount (http://localhost:1420/node_modules/.vite/deps/client-BD5CN0E0.js?v=0d7cabeb:6617:153)
    at commitHookPassiveMountEffects (http://localhost:1420/node_modules/.vite/deps/client-BD5CN0E0.js?v=0d7cabeb:6652:55)
    at reconnectPassiveEffects (http://localhost:1420/node_modules/.vite/deps/client-BD5CN0E0.js?v=0d7cabeb:7701:6)
[     785ms] [ERROR] Failed to load resource: the server responded with a status of 404 (Not Found) @ http://localhost:1420/favicon.ico:0
[    2714ms] [ERROR] [updater] check failed: Cannot read properties of undefined (reading 'invoke') @ http://localhost:1420/@vite/client:524
[  178152ms] [INFO] %cDownload the React DevTools for a better development experience: https://react.dev/link/react-devtools font-weight:bold @ http://localhost:1420/node_modules/.vite/deps/client-BD5CN0E0.js?v=0d7cabeb:14335
[  178181ms] [ERROR] Failed to detect terminal app: TypeError: Cannot read properties of undefined (reading 'invoke')
    at invoke (http://localhost:1420/node_modules/.vite/deps/core-CM18SxXo.js?v=0d7cabeb:204:36)
    at invokeCommand (http://localhost:1420/src/lib/tauri.ts?t=1783357384976:63:10)
    at detectTerminal (http://localhost:1420/src/lib/tauri.ts?t=1783357384976:158:9)
    at http://localhost:1420/src/stores/settings.ts?t=1783357384976:110:2 @ http://localhost:1420/@vite/client:524
[  178278ms] [WARNING] failed to load provider snapshots: TypeError: Cannot read properties of undefined (reading 'invoke')
    at invoke (http://localhost:1420/node_modules/.vite/deps/core-CM18SxXo.js?v=0d7cabeb:204:36)
    at invokeCommand (http://localhost:1420/src/lib/tauri.ts?t=1783357384976:63:10)
    at getProviderSnapshots (http://localhost:1420/src/lib/tauri.ts?t=1783357384976:161:9)
    at loadProviderSnapshots (http://localhost:1420/src/stores/providerSnapshots.ts?t=1783357384976:101:16)
    at http://localhost:1420/src/app/index.tsx?t=1783381798557:160:8
    at Object.react_stack_bottom_frame (http://localhost:1420/node_modules/.vite/deps/client-BD5CN0E0.js?v=0d7cabeb:12902:13)
    at runWithFiberInDEV (http://localhost:1420/node_modules/.vite/deps/client-BD5CN0E0.js?v=0d7cabeb:851:66)
    at commitHookEffectListMount (http://localhost:1420/node_modules/.vite/deps/client-BD5CN0E0.js?v=0d7cabeb:6617:153)
    at commitHookPassiveMountEffects (http://localhost:1420/node_modules/.vite/deps/client-BD5CN0E0.js?v=0d7cabeb:6652:55)
    at commitPassiveMountOnFiber (http://localhost:1420/node_modules/.vite/deps/client-BD5CN0E0.js?v=0d7cabeb:7618:22) @ http://localhost:1420/@vite/client:524
[  178279ms] [WARNING] Cold start tree refresh failed before reindex: TypeError: Cannot read properties of undefined (reading 'invoke')
    at invoke (http://localhost:1420/node_modules/.vite/deps/core-CM18SxXo.js?v=0d7cabeb:204:36)
    at invokeCommand (http://localhost:1420/src/lib/tauri.ts?t=1783357384976:63:10)
    at getTree (http://localhost:1420/src/lib/tauri.ts?t=1783357384976:80:9)
    at refreshTree (http://localhost:1420/src/app/SyncManager.ts?t=1783357384976:12:48)
    at Object.coldStart (http://localhost:1420/src/app/SyncManager.ts?t=1783357384976:179:10)
    at http://localhost:1420/src/app/index.tsx?t=1783381798557:161:13
    at Object.react_stack_bottom_frame (http://localhost:1420/node_modules/.vite/deps/client-BD5CN0E0.js?v=0d7cabeb:12902:13)
    at runWithFiberInDEV (http://localhost:1420/node_modules/.vite/deps/client-BD5CN0E0.js?v=0d7cabeb:851:66)
    at commitHookEffectListMount (http://localhost:1420/node_modules/.vite/deps/client-BD5CN0E0.js?v=0d7cabeb:6617:153)
    at commitHookPassiveMountEffects (http://localhost:1420/node_modules/.vite/deps/client-BD5CN0E0.js?v=0d7cabeb:6652:55) @ http://localhost:1420/@vite/client:524
[  178279ms] [WARNING] Cold start tree refresh failed before reindex: TypeError: Cannot read properties of undefined (reading 'invoke')
    at invoke (http://localhost:1420/node_modules/.vite/deps/core-CM18SxXo.js?v=0d7cabeb:204:36)
    at invokeCommand (http://localhost:1420/src/lib/tauri.ts?t=1783357384976:63:10)
    at getTree (http://localhost:1420/src/lib/tauri.ts?t=1783357384976:80:9)
    at refreshTree (http://localhost:1420/src/app/SyncManager.ts?t=1783357384976:12:48)
    at Object.coldStart (http://localhost:1420/src/app/SyncManager.ts?t=1783357384976:179:10)
    at http://localhost:1420/src/app/index.tsx?t=1783381798557:161:13
    at Object.react_stack_bottom_frame (http://localhost:1420/node_modules/.vite/deps/client-BD5CN0E0.js?v=0d7cabeb:12902:13)
    at runWithFiberInDEV (http://localhost:1420/node_modules/.vite/deps/client-BD5CN0E0.js?v=0d7cabeb:851:66)
    at commitHookEffectListMount (http://localhost:1420/node_modules/.vite/deps/client-BD5CN0E0.js?v=0d7cabeb:6617:153)
    at commitHookPassiveMountEffects (http://localhost:1420/node_modules/.vite/deps/client-BD5CN0E0.js?v=0d7cabeb:6652:55) @ http://localhost:1420/@vite/client:524
[  178279ms] [WARNING] failed to load provider snapshots: TypeError: Cannot read properties of undefined (reading 'invoke')
    at invoke (http://localhost:1420/node_modules/.vite/deps/core-CM18SxXo.js?v=0d7cabeb:204:36)
    at invokeCommand (http://localhost:1420/src/lib/tauri.ts?t=1783357384976:63:10)
    at getProviderSnapshots (http://localhost:1420/src/lib/tauri.ts?t=1783357384976:161:9)
    at loadProviderSnapshots (http://localhost:1420/src/stores/providerSnapshots.ts?t=1783357384976:101:16)
    at loadProviderWatchSnapshots (http://localhost:1420/src/lib/provider-watch.ts?t=1783357384976:22:9)
    at startPolling (http://localhost:1420/src/app/SyncManager.ts?t=1783357384976:127:23)
    at Object.coldStart (http://localhost:1420/src/app/SyncManager.ts?t=1783357384976:196:3) @ http://localhost:1420/@vite/client:524
[  178307ms] TypeError: Cannot read properties of undefined (reading 'transformCallback')
    at transformCallback (http://localhost:1420/node_modules/.vite/deps/core-CM18SxXo.js?v=0d7cabeb:90:36)
    at listen (http://localhost:1420/node_modules/.vite/deps/@tauri-apps_api_event.js?v=0d7cabeb:76:12)
    at listenBackendEvent (http://localhost:1420/src/lib/backend-events.ts?t=1783352599448:3:9)
    at setup (http://localhost:1420/src/app/index.tsx?t=1783381798557:198:21)
    at http://localhost:1420/src/app/index.tsx?t=1783381798557:237:8
    at Object.react_stack_bottom_frame (http://localhost:1420/node_modules/.vite/deps/client-BD5CN0E0.js?v=0d7cabeb:12902:13)
    at runWithFiberInDEV (http://localhost:1420/node_modules/.vite/deps/client-BD5CN0E0.js?v=0d7cabeb:851:66)
    at commitHookEffectListMount (http://localhost:1420/node_modules/.vite/deps/client-BD5CN0E0.js?v=0d7cabeb:6617:153)
    at commitHookPassiveMountEffects (http://localhost:1420/node_modules/.vite/deps/client-BD5CN0E0.js?v=0d7cabeb:6652:55)
    at commitPassiveMountOnFiber (http://localhost:1420/node_modules/.vite/deps/client-BD5CN0E0.js?v=0d7cabeb:7618:22)
[  178307ms] TypeError: Cannot read properties of undefined (reading 'transformCallback')
    at transformCallback (http://localhost:1420/node_modules/.vite/deps/core-CM18SxXo.js?v=0d7cabeb:90:36)
    at listen (http://localhost:1420/node_modules/.vite/deps/@tauri-apps_api_event.js?v=0d7cabeb:76:12)
    at listenBackendEvent (http://localhost:1420/src/lib/backend-events.ts?t=1783352599448:3:9)
    at setup (http://localhost:1420/src/app/index.tsx?t=1783381798557:198:21)
    at http://localhost:1420/src/app/index.tsx?t=1783381798557:237:8
    at Object.react_stack_bottom_frame (http://localhost:1420/node_modules/.vite/deps/client-BD5CN0E0.js?v=0d7cabeb:12902:13)
    at runWithFiberInDEV (http://localhost:1420/node_modules/.vite/deps/client-BD5CN0E0.js?v=0d7cabeb:851:66)
    at commitHookEffectListMount (http://localhost:1420/node_modules/.vite/deps/client-BD5CN0E0.js?v=0d7cabeb:6617:153)
    at commitHookPassiveMountEffects (http://localhost:1420/node_modules/.vite/deps/client-BD5CN0E0.js?v=0d7cabeb:6652:55)
    at reconnectPassiveEffects (http://localhost:1420/node_modules/.vite/deps/client-BD5CN0E0.js?v=0d7cabeb:7701:6)
[  180280ms] [ERROR] [updater] check failed: Cannot read properties of undefined (reading 'invoke') @ http://localhost:1420/@vite/client:524
[  187327ms] [INFO] %cDownload the React DevTools for a better development experience: https://react.dev/link/react-devtools font-weight:bold @ http://localhost:1420/node_modules/.vite/deps/client-BD5CN0E0.js?v=0d7cabeb:14335
[  187347ms] [ERROR] Failed to detect terminal app: TypeError: Cannot read properties of undefined (reading 'invoke')
    at invoke (http://localhost:1420/node_modules/.vite/deps/core-CM18SxXo.js?v=0d7cabeb:204:36)
    at invokeCommand (http://localhost:1420/src/lib/tauri.ts?t=1783357384976:63:10)
    at detectTerminal (http://localhost:1420/src/lib/tauri.ts?t=1783357384976:158:9)
    at http://localhost:1420/src/stores/settings.ts?t=1783357384976:110:2 @ http://localhost:1420/@vite/client:524
[  187369ms] [WARNING] failed to load provider snapshots: TypeError: Cannot read properties of undefined (reading 'invoke')
    at invoke (http://localhost:1420/node_modules/.vite/deps/core-CM18SxXo.js?v=0d7cabeb:204:36)
    at invokeCommand (http://localhost:1420/src/lib/tauri.ts?t=1783357384976:63:10)
    at getProviderSnapshots (http://localhost:1420/src/lib/tauri.ts?t=1783357384976:161:9)
    at loadProviderSnapshots (http://localhost:1420/src/stores/providerSnapshots.ts?t=1783357384976:101:16)
    at http://localhost:1420/src/app/index.tsx?t=1783381798557:160:8
    at Object.react_stack_bottom_frame (http://localhost:1420/node_modules/.vite/deps/client-BD5CN0E0.js?v=0d7cabeb:12902:13)
    at runWithFiberInDEV (http://localhost:1420/node_modules/.vite/deps/client-BD5CN0E0.js?v=0d7cabeb:851:66)
    at commitHookEffectListMount (http://localhost:1420/node_modules/.vite/deps/client-BD5CN0E0.js?v=0d7cabeb:6617:153)
    at commitHookPassiveMountEffects (http://localhost:1420/node_modules/.vite/deps/client-BD5CN0E0.js?v=0d7cabeb:6652:55)
    at commitPassiveMountOnFiber (http://localhost:1420/node_modules/.vite/deps/client-BD5CN0E0.js?v=0d7cabeb:7618:22) @ http://localhost:1420/@vite/client:524
[  187369ms] [WARNING] Cold start tree refresh failed before reindex: TypeError: Cannot read properties of undefined (reading 'invoke')
    at invoke (http://localhost:1420/node_modules/.vite/deps/core-CM18SxXo.js?v=0d7cabeb:204:36)
    at invokeCommand (http://localhost:1420/src/lib/tauri.ts?t=1783357384976:63:10)
    at getTree (http://localhost:1420/src/lib/tauri.ts?t=1783357384976:80:9)
    at refreshTree (http://localhost:1420/src/app/SyncManager.ts?t=1783357384976:12:48)
    at Object.coldStart (http://localhost:1420/src/app/SyncManager.ts?t=1783357384976:179:10)
    at http://localhost:1420/src/app/index.tsx?t=1783381798557:161:13
    at Object.react_stack_bottom_frame (http://localhost:1420/node_modules/.vite/deps/client-BD5CN0E0.js?v=0d7cabeb:12902:13)
    at runWithFiberInDEV (http://localhost:1420/node_modules/.vite/deps/client-BD5CN0E0.js?v=0d7cabeb:851:66)
    at commitHookEffectListMount (http://localhost:1420/node_modules/.vite/deps/client-BD5CN0E0.js?v=0d7cabeb:6617:153)
    at commitHookPassiveMountEffects (http://localhost:1420/node_modules/.vite/deps/client-BD5CN0E0.js?v=0d7cabeb:6652:55) @ http://localhost:1420/@vite/client:524
[  187369ms] [WARNING] Cold start tree refresh failed before reindex: TypeError: Cannot read properties of undefined (reading 'invoke')
    at invoke (http://localhost:1420/node_modules/.vite/deps/core-CM18SxXo.js?v=0d7cabeb:204:36)
    at invokeCommand (http://localhost:1420/src/lib/tauri.ts?t=1783357384976:63:10)
    at getTree (http://localhost:1420/src/lib/tauri.ts?t=1783357384976:80:9)
    at refreshTree (http://localhost:1420/src/app/SyncManager.ts?t=1783357384976:12:48)
    at Object.coldStart (http://localhost:1420/src/app/SyncManager.ts?t=1783357384976:179:10)
    at http://localhost:1420/src/app/index.tsx?t=1783381798557:161:13
    at Object.react_stack_bottom_frame (http://localhost:1420/node_modules/.vite/deps/client-BD5CN0E0.js?v=0d7cabeb:12902:13)
    at runWithFiberInDEV (http://localhost:1420/node_modules/.vite/deps/client-BD5CN0E0.js?v=0d7cabeb:851:66)
    at commitHookEffectListMount (http://localhost:1420/node_modules/.vite/deps/client-BD5CN0E0.js?v=0d7cabeb:6617:153)
    at commitHookPassiveMountEffects (http://localhost:1420/node_modules/.vite/deps/client-BD5CN0E0.js?v=0d7cabeb:6652:55) @ http://localhost:1420/@vite/client:524
[  187369ms] [WARNING] failed to load provider snapshots: TypeError: Cannot read properties of undefined (reading 'invoke')
    at invoke (http://localhost:1420/node_modules/.vite/deps/core-CM18SxXo.js?v=0d7cabeb:204:36)
    at invokeCommand (http://localhost:1420/src/lib/tauri.ts?t=1783357384976:63:10)
    at getProviderSnapshots (http://localhost:1420/src/lib/tauri.ts?t=1783357384976:161:9)
    at loadProviderSnapshots (http://localhost:1420/src/stores/providerSnapshots.ts?t=1783357384976:101:16)
    at loadProviderWatchSnapshots (http://localhost:1420/src/lib/provider-watch.ts?t=1783357384976:22:9)
    at startPolling (http://localhost:1420/src/app/SyncManager.ts?t=1783357384976:127:23)
    at Object.coldStart (http://localhost:1420/src/app/SyncManager.ts?t=1783357384976:196:3) @ http://localhost:1420/@vite/client:524
[  187403ms] TypeError: Cannot read properties of undefined (reading 'transformCallback')
    at transformCallback (http://localhost:1420/node_modules/.vite/deps/core-CM18SxXo.js?v=0d7cabeb:90:36)
    at listen (http://localhost:1420/node_modules/.vite/deps/@tauri-apps_api_event.js?v=0d7cabeb:76:12)
    at listenBackendEvent (http://localhost:1420/src/lib/backend-events.ts?t=1783352599448:3:9)
    at setup (http://localhost:1420/src/app/index.tsx?t=1783381798557:198:21)
    at http://localhost:1420/src/app/index.tsx?t=1783381798557:237:8
    at Object.react_stack_bottom_frame (http://localhost:1420/node_modules/.vite/deps/client-BD5CN0E0.js?v=0d7cabeb:12902:13)
    at runWithFiberInDEV (http://localhost:1420/node_modules/.vite/deps/client-BD5CN0E0.js?v=0d7cabeb:851:66)
    at commitHookEffectListMount (http://localhost:1420/node_modules/.vite/deps/client-BD5CN0E0.js?v=0d7cabeb:6617:153)
    at commitHookPassiveMountEffects (http://localhost:1420/node_modules/.vite/deps/client-BD5CN0E0.js?v=0d7cabeb:6652:55)
    at commitPassiveMountOnFiber (http://localhost:1420/node_modules/.vite/deps/client-BD5CN0E0.js?v=0d7cabeb:7618:22)
[  187404ms] TypeError: Cannot read properties of undefined (reading 'transformCallback')
    at transformCallback (http://localhost:1420/node_modules/.vite/deps/core-CM18SxXo.js?v=0d7cabeb:90:36)
    at listen (http://localhost:1420/node_modules/.vite/deps/@tauri-apps_api_event.js?v=0d7cabeb:76:12)
    at listenBackendEvent (http://localhost:1420/src/lib/backend-events.ts?t=1783352599448:3:9)
    at setup (http://localhost:1420/src/app/index.tsx?t=1783381798557:198:21)
    at http://localhost:1420/src/app/index.tsx?t=1783381798557:237:8
    at Object.react_stack_bottom_frame (http://localhost:1420/node_modules/.vite/deps/client-BD5CN0E0.js?v=0d7cabeb:12902:13)
    at runWithFiberInDEV (http://localhost:1420/node_modules/.vite/deps/client-BD5CN0E0.js?v=0d7cabeb:851:66)
    at commitHookEffectListMount (http://localhost:1420/node_modules/.vite/deps/client-BD5CN0E0.js?v=0d7cabeb:6617:153)
    at commitHookPassiveMountEffects (http://localhost:1420/node_modules/.vite/deps/client-BD5CN0E0.js?v=0d7cabeb:6652:55)
    at reconnectPassiveEffects (http://localhost:1420/node_modules/.vite/deps/client-BD5CN0E0.js?v=0d7cabeb:7701:6)
[  189372ms] [ERROR] [updater] check failed: Cannot read properties of undefined (reading 'invoke') @ http://localhost:1420/@vite/client:524
[  359089ms] [INFO] %cDownload the React DevTools for a better development experience: https://react.dev/link/react-devtools font-weight:bold @ http://localhost:1420/node_modules/.vite/deps/client-BD5CN0E0.js?v=0d7cabeb:14335
[  359112ms] [ERROR] Failed to detect terminal app: TypeError: Cannot read properties of undefined (reading 'invoke')
    at invoke (http://localhost:1420/node_modules/.vite/deps/core-CM18SxXo.js?v=0d7cabeb:204:36)
    at invokeCommand (http://localhost:1420/src/lib/tauri.ts?t=1783357384976:63:10)
    at detectTerminal (http://localhost:1420/src/lib/tauri.ts?t=1783357384976:158:9)
    at http://localhost:1420/src/stores/settings.ts?t=1783357384976:110:2 @ http://localhost:1420/@vite/client:524
[  359141ms] [WARNING] failed to load provider snapshots: TypeError: Cannot read properties of undefined (reading 'invoke')
    at invoke (http://localhost:1420/node_modules/.vite/deps/core-CM18SxXo.js?v=0d7cabeb:204:36)
    at invokeCommand (http://localhost:1420/src/lib/tauri.ts?t=1783357384976:63:10)
    at getProviderSnapshots (http://localhost:1420/src/lib/tauri.ts?t=1783357384976:161:9)
    at loadProviderSnapshots (http://localhost:1420/src/stores/providerSnapshots.ts?t=1783357384976:101:16)
    at http://localhost:1420/src/app/index.tsx?t=1783381992614:160:8
    at Object.react_stack_bottom_frame (http://localhost:1420/node_modules/.vite/deps/client-BD5CN0E0.js?v=0d7cabeb:12902:13)
    at runWithFiberInDEV (http://localhost:1420/node_modules/.vite/deps/client-BD5CN0E0.js?v=0d7cabeb:851:66)
    at commitHookEffectListMount (http://localhost:1420/node_modules/.vite/deps/client-BD5CN0E0.js?v=0d7cabeb:6617:153)
    at commitHookPassiveMountEffects (http://localhost:1420/node_modules/.vite/deps/client-BD5CN0E0.js?v=0d7cabeb:6652:55)
    at commitPassiveMountOnFiber (http://localhost:1420/node_modules/.vite/deps/client-BD5CN0E0.js?v=0d7cabeb:7618:22) @ http://localhost:1420/@vite/client:524
[  359141ms] [WARNING] Cold start tree refresh failed before reindex: TypeError: Cannot read properties of undefined (reading 'invoke')
    at invoke (http://localhost:1420/node_modules/.vite/deps/core-CM18SxXo.js?v=0d7cabeb:204:36)
    at invokeCommand (http://localhost:1420/src/lib/tauri.ts?t=1783357384976:63:10)
    at getTree (http://localhost:1420/src/lib/tauri.ts?t=1783357384976:80:9)
    at refreshTree (http://localhost:1420/src/app/SyncManager.ts?t=1783357384976:12:48)
    at Object.coldStart (http://localhost:1420/src/app/SyncManager.ts?t=1783357384976:179:10)
    at http://localhost:1420/src/app/index.tsx?t=1783381992614:161:13
    at Object.react_stack_bottom_frame (http://localhost:1420/node_modules/.vite/deps/client-BD5CN0E0.js?v=0d7cabeb:12902:13)
    at runWithFiberInDEV (http://localhost:1420/node_modules/.vite/deps/client-BD5CN0E0.js?v=0d7cabeb:851:66)
    at commitHookEffectListMount (http://localhost:1420/node_modules/.vite/deps/client-BD5CN0E0.js?v=0d7cabeb:6617:153)
    at commitHookPassiveMountEffects (http://localhost:1420/node_modules/.vite/deps/client-BD5CN0E0.js?v=0d7cabeb:6652:55) @ http://localhost:1420/@vite/client:524
[  359141ms] [WARNING] Cold start tree refresh failed before reindex: TypeError: Cannot read properties of undefined (reading 'invoke')
    at invoke (http://localhost:1420/node_modules/.vite/deps/core-CM18SxXo.js?v=0d7cabeb:204:36)
    at invokeCommand (http://localhost:1420/src/lib/tauri.ts?t=1783357384976:63:10)
    at getTree (http://localhost:1420/src/lib/tauri.ts?t=1783357384976:80:9)
    at refreshTree (http://localhost:1420/src/app/SyncManager.ts?t=1783357384976:12:48)
    at Object.coldStart (http://localhost:1420/src/app/SyncManager.ts?t=1783357384976:179:10)
    at http://localhost:1420/src/app/index.tsx?t=1783381992614:161:13
    at Object.react_stack_bottom_frame (http://localhost:1420/node_modules/.vite/deps/client-BD5CN0E0.js?v=0d7cabeb:12902:13)
    at runWithFiberInDEV (http://localhost:1420/node_modules/.vite/deps/client-BD5CN0E0.js?v=0d7cabeb:851:66)
    at commitHookEffectListMount (http://localhost:1420/node_modules/.vite/deps/client-BD5CN0E0.js?v=0d7cabeb:6617:153)
    at commitHookPassiveMountEffects (http://localhost:1420/node_modules/.vite/deps/client-BD5CN0E0.js?v=0d7cabeb:6652:55) @ http://localhost:1420/@vite/client:524
[  359141ms] [WARNING] failed to load provider snapshots: TypeError: Cannot read properties of undefined (reading 'invoke')
    at invoke (http://localhost:1420/node_modules/.vite/deps/core-CM18SxXo.js?v=0d7cabeb:204:36)
    at invokeCommand (http://localhost:1420/src/lib/tauri.ts?t=1783357384976:63:10)
    at getProviderSnapshots (http://localhost:1420/src/lib/tauri.ts?t=1783357384976:161:9)
    at loadProviderSnapshots (http://localhost:1420/src/stores/providerSnapshots.ts?t=1783357384976:101:16)
    at loadProviderWatchSnapshots (http://localhost:1420/src/lib/provider-watch.ts?t=1783357384976:22:9)
    at startPolling (http://localhost:1420/src/app/SyncManager.ts?t=1783357384976:127:23)
    at Object.coldStart (http://localhost:1420/src/app/SyncManager.ts?t=1783357384976:196:3) @ http://localhost:1420/@vite/client:524
[  359175ms] TypeError: Cannot read properties of undefined (reading 'transformCallback')
    at transformCallback (http://localhost:1420/node_modules/.vite/deps/core-CM18SxXo.js?v=0d7cabeb:90:36)
    at listen (http://localhost:1420/node_modules/.vite/deps/@tauri-apps_api_event.js?v=0d7cabeb:76:12)
    at listenBackendEvent (http://localhost:1420/src/lib/backend-events.ts?t=1783352599448:3:9)
    at setup (http://localhost:1420/src/app/index.tsx?t=1783381992614:198:21)
    at http://localhost:1420/src/app/index.tsx?t=1783381992614:237:8
    at Object.react_stack_bottom_frame (http://localhost:1420/node_modules/.vite/deps/client-BD5CN0E0.js?v=0d7cabeb:12902:13)
    at runWithFiberInDEV (http://localhost:1420/node_modules/.vite/deps/client-BD5CN0E0.js?v=0d7cabeb:851:66)
    at commitHookEffectListMount (http://localhost:1420/node_modules/.vite/deps/client-BD5CN0E0.js?v=0d7cabeb:6617:153)
    at commitHookPassiveMountEffects (http://localhost:1420/node_modules/.vite/deps/client-BD5CN0E0.js?v=0d7cabeb:6652:55)
    at commitPassiveMountOnFiber (http://localhost:1420/node_modules/.vite/deps/client-BD5CN0E0.js?v=0d7cabeb:7618:22)
[  359175ms] TypeError: Cannot read properties of undefined (reading 'transformCallback')
    at transformCallback (http://localhost:1420/node_modules/.vite/deps/core-CM18SxXo.js?v=0d7cabeb:90:36)
    at listen (http://localhost:1420/node_modules/.vite/deps/@tauri-apps_api_event.js?v=0d7cabeb:76:12)
    at listenBackendEvent (http://localhost:1420/src/lib/backend-events.ts?t=1783352599448:3:9)
    at setup (http://localhost:1420/src/app/index.tsx?t=1783381992614:198:21)
    at http://localhost:1420/src/app/index.tsx?t=1783381992614:237:8
    at Object.react_stack_bottom_frame (http://localhost:1420/node_modules/.vite/deps/client-BD5CN0E0.js?v=0d7cabeb:12902:13)
    at runWithFiberInDEV (http://localhost:1420/node_modules/.vite/deps/client-BD5CN0E0.js?v=0d7cabeb:851:66)
    at commitHookEffectListMount (http://localhost:1420/node_modules/.vite/deps/client-BD5CN0E0.js?v=0d7cabeb:6617:153)
    at commitHookPassiveMountEffects (http://localhost:1420/node_modules/.vite/deps/client-BD5CN0E0.js?v=0d7cabeb:6652:55)
    at reconnectPassiveEffects (http://localhost:1420/node_modules/.vite/deps/client-BD5CN0E0.js?v=0d7cabeb:7701:6)
[  361143ms] [ERROR] [updater] check failed: Cannot read properties of undefined (reading 'invoke') @ http://localhost:1420/@vite/client:524
[  366262ms] [INFO] %cDownload the React DevTools for a better development experience: https://react.dev/link/react-devtools font-weight:bold @ http://localhost:1420/node_modules/.vite/deps/client-BD5CN0E0.js?v=0d7cabeb:14335
[  366282ms] [ERROR] Failed to detect terminal app: TypeError: Cannot read properties of undefined (reading 'invoke')
    at invoke (http://localhost:1420/node_modules/.vite/deps/core-CM18SxXo.js?v=0d7cabeb:204:36)
    at invokeCommand (http://localhost:1420/src/lib/tauri.ts?t=1783357384976:63:10)
    at detectTerminal (http://localhost:1420/src/lib/tauri.ts?t=1783357384976:158:9)
    at http://localhost:1420/src/stores/settings.ts?t=1783357384976:110:2 @ http://localhost:1420/@vite/client:524
[  366305ms] [WARNING] failed to load provider snapshots: TypeError: Cannot read properties of undefined (reading 'invoke')
    at invoke (http://localhost:1420/node_modules/.vite/deps/core-CM18SxXo.js?v=0d7cabeb:204:36)
    at invokeCommand (http://localhost:1420/src/lib/tauri.ts?t=1783357384976:63:10)
    at getProviderSnapshots (http://localhost:1420/src/lib/tauri.ts?t=1783357384976:161:9)
    at loadProviderSnapshots (http://localhost:1420/src/stores/providerSnapshots.ts?t=1783357384976:101:16)
    at http://localhost:1420/src/app/index.tsx?t=1783381992614:160:8
    at Object.react_stack_bottom_frame (http://localhost:1420/node_modules/.vite/deps/client-BD5CN0E0.js?v=0d7cabeb:12902:13)
    at runWithFiberInDEV (http://localhost:1420/node_modules/.vite/deps/client-BD5CN0E0.js?v=0d7cabeb:851:66)
    at commitHookEffectListMount (http://localhost:1420/node_modules/.vite/deps/client-BD5CN0E0.js?v=0d7cabeb:6617:153)
    at commitHookPassiveMountEffects (http://localhost:1420/node_modules/.vite/deps/client-BD5CN0E0.js?v=0d7cabeb:6652:55)
    at commitPassiveMountOnFiber (http://localhost:1420/node_modules/.vite/deps/client-BD5CN0E0.js?v=0d7cabeb:7618:22) @ http://localhost:1420/@vite/client:524
[  366305ms] [WARNING] Cold start tree refresh failed before reindex: TypeError: Cannot read properties of undefined (reading 'invoke')
    at invoke (http://localhost:1420/node_modules/.vite/deps/core-CM18SxXo.js?v=0d7cabeb:204:36)
    at invokeCommand (http://localhost:1420/src/lib/tauri.ts?t=1783357384976:63:10)
    at getTree (http://localhost:1420/src/lib/tauri.ts?t=1783357384976:80:9)
    at refreshTree (http://localhost:1420/src/app/SyncManager.ts?t=1783357384976:12:48)
    at Object.coldStart (http://localhost:1420/src/app/SyncManager.ts?t=1783357384976:179:10)
    at http://localhost:1420/src/app/index.tsx?t=1783381992614:161:13
    at Object.react_stack_bottom_frame (http://localhost:1420/node_modules/.vite/deps/client-BD5CN0E0.js?v=0d7cabeb:12902:13)
    at runWithFiberInDEV (http://localhost:1420/node_modules/.vite/deps/client-BD5CN0E0.js?v=0d7cabeb:851:66)
    at commitHookEffectListMount (http://localhost:1420/node_modules/.vite/deps/client-BD5CN0E0.js?v=0d7cabeb:6617:153)
    at commitHookPassiveMountEffects (http://localhost:1420/node_modules/.vite/deps/client-BD5CN0E0.js?v=0d7cabeb:6652:55) @ http://localhost:1420/@vite/client:524
[  366305ms] [WARNING] Cold start tree refresh failed before reindex: TypeError: Cannot read properties of undefined (reading 'invoke')
    at invoke (http://localhost:1420/node_modules/.vite/deps/core-CM18SxXo.js?v=0d7cabeb:204:36)
    at invokeCommand (http://localhost:1420/src/lib/tauri.ts?t=1783357384976:63:10)
    at getTree (http://localhost:1420/src/lib/tauri.ts?t=1783357384976:80:9)
    at refreshTree (http://localhost:1420/src/app/SyncManager.ts?t=1783357384976:12:48)
    at Object.coldStart (http://localhost:1420/src/app/SyncManager.ts?t=1783357384976:179:10)
    at http://localhost:1420/src/app/index.tsx?t=1783381992614:161:13
    at Object.react_stack_bottom_frame (http://localhost:1420/node_modules/.vite/deps/client-BD5CN0E0.js?v=0d7cabeb:12902:13)
    at runWithFiberInDEV (http://localhost:1420/node_modules/.vite/deps/client-BD5CN0E0.js?v=0d7cabeb:851:66)
    at commitHookEffectListMount (http://localhost:1420/node_modules/.vite/deps/client-BD5CN0E0.js?v=0d7cabeb:6617:153)
    at commitHookPassiveMountEffects (http://localhost:1420/node_modules/.vite/deps/client-BD5CN0E0.js?v=0d7cabeb:6652:55) @ http://localhost:1420/@vite/client:524
[  366305ms] [WARNING] failed to load provider snapshots: TypeError: Cannot read properties of undefined (reading 'invoke')
    at invoke (http://localhost:1420/node_modules/.vite/deps/core-CM18SxXo.js?v=0d7cabeb:204:36)
    at invokeCommand (http://localhost:1420/src/lib/tauri.ts?t=1783357384976:63:10)
    at getProviderSnapshots (http://localhost:1420/src/lib/tauri.ts?t=1783357384976:161:9)
    at loadProviderSnapshots (http://localhost:1420/src/stores/providerSnapshots.ts?t=1783357384976:101:16)
    at loadProviderWatchSnapshots (http://localhost:1420/src/lib/provider-watch.ts?t=1783357384976:22:9)
    at startPolling (http://localhost:1420/src/app/SyncManager.ts?t=1783357384976:127:23)
    at Object.coldStart (http://localhost:1420/src/app/SyncManager.ts?t=1783357384976:196:3) @ http://localhost:1420/@vite/client:524
[  366339ms] TypeError: Cannot read properties of undefined (reading 'transformCallback')
    at transformCallback (http://localhost:1420/node_modules/.vite/deps/core-CM18SxXo.js?v=0d7cabeb:90:36)
    at listen (http://localhost:1420/node_modules/.vite/deps/@tauri-apps_api_event.js?v=0d7cabeb:76:12)
    at listenBackendEvent (http://localhost:1420/src/lib/backend-events.ts?t=1783352599448:3:9)
    at setup (http://localhost:1420/src/app/index.tsx?t=1783381992614:198:21)
    at http://localhost:1420/src/app/index.tsx?t=1783381992614:237:8
    at Object.react_stack_bottom_frame (http://localhost:1420/node_modules/.vite/deps/client-BD5CN0E0.js?v=0d7cabeb:12902:13)
    at runWithFiberInDEV (http://localhost:1420/node_modules/.vite/deps/client-BD5CN0E0.js?v=0d7cabeb:851:66)
    at commitHookEffectListMount (http://localhost:1420/node_modules/.vite/deps/client-BD5CN0E0.js?v=0d7cabeb:6617:153)
    at commitHookPassiveMountEffects (http://localhost:1420/node_modules/.vite/deps/client-BD5CN0E0.js?v=0d7cabeb:6652:55)
    at commitPassiveMountOnFiber (http://localhost:1420/node_modules/.vite/deps/client-BD5CN0E0.js?v=0d7cabeb:7618:22)
[  366339ms] TypeError: Cannot read properties of undefined (reading 'transformCallback')
    at transformCallback (http://localhost:1420/node_modules/.vite/deps/core-CM18SxXo.js?v=0d7cabeb:90:36)
    at listen (http://localhost:1420/node_modules/.vite/deps/@tauri-apps_api_event.js?v=0d7cabeb:76:12)
    at listenBackendEvent (http://localhost:1420/src/lib/backend-events.ts?t=1783352599448:3:9)
    at setup (http://localhost:1420/src/app/index.tsx?t=1783381992614:198:21)
    at http://localhost:1420/src/app/index.tsx?t=1783381992614:237:8
    at Object.react_stack_bottom_frame (http://localhost:1420/node_modules/.vite/deps/client-BD5CN0E0.js?v=0d7cabeb:12902:13)
    at runWithFiberInDEV (http://localhost:1420/node_modules/.vite/deps/client-BD5CN0E0.js?v=0d7cabeb:851:66)
    at commitHookEffectListMount (http://localhost:1420/node_modules/.vite/deps/client-BD5CN0E0.js?v=0d7cabeb:6617:153)
    at commitHookPassiveMountEffects (http://localhost:1420/node_modules/.vite/deps/client-BD5CN0E0.js?v=0d7cabeb:6652:55)
    at reconnectPassiveEffects (http://localhost:1420/node_modules/.vite/deps/client-BD5CN0E0.js?v=0d7cabeb:7701:6)
[  368307ms] [ERROR] [updater] check failed: Cannot read properties of undefined (reading 'invoke') @ http://localhost:1420/@vite/client:524
